General comments:
*********************************************
GENERAL ISSUES:
1. There is a function in php named array_pop, that maybe does the same
as dict.pop in python.

4. We need python docstring for functions, like this:
def myfunction:
'''myfunction servers one purpose, and that is to help you understand the docstring construct''' 
5. Add helper function to all REF_ variables.
*********************************************
line 927 foreach loop got ported. But not very well? So this needs more investigation. See originale file (menu.inc)
line 1589 for var1 in module: ... I put the function in var1. But I'm not sure if this is the best way..
line 2267 commented out --> require_once drupal_get_path('module', 'user') + '/user.pages.inc'

Are these correct?:
*********************************************
line 469 item['title'] = call_user_func_array(callback, menu_unserialize(item['title_arguments'], _map))
line 600 if (strpos(item['href'], '%') != False):
line 1234 link = theme('menu_item_link', {'href' : tasks[p]['href']] + item}


line 887
 def _menu_tree_cid(menu_name, data):
 """Helper function - compute the real cache ID for menu tree data."""

    return 'links:' + menu_name + ':tree-data:'. md5(serialize(data))
line 797 on menu.inc contains $args[] = $item["p$i"]; how should this be ported?

